#
# There is insufficient memory for the Java Runtime Environment to continue.
# Native memory allocation (mmap) failed to map 65536 bytes for Failed to commit metaspace.
# Possible reasons:
#   The system is out of physical RAM or swap space
#   The process is running with CompressedOops enabled, and the Java Heap may be blocking the growth of the native heap
# Possible solutions:
#   Reduce memory load on the system
#   Increase physical memory or swap space
#   Check if swap backing store is full
#   Decrease Java heap size (-Xmx/-Xms)
#   Decrease number of Java threads
#   Decrease Java thread stack sizes (-Xss)
#   Set larger code cache with -XX:ReservedCodeCacheSize=
#   JVM is running with Unscaled Compressed Oops mode in which the Java heap is
#     placed in the first 4GB address space. The Java Heap base address is the
#     maximum limit for the native heap growth. Please use -XX:HeapBaseMinAddress
#     to set the Java Heap base and to place the Java Heap above 4GB virtual address.
# This output file may be truncated or incomplete.
#
#  Out of Memory Error (virtualSpaceNode.cpp:110), pid=74968, tid=87156
#
# JRE version: Java(TM) SE Runtime Environment (17.0.2+8) (build 17.0.2+8-LTS-86)
# Java VM: Java HotSpot(TM) 64-Bit Server VM (17.0.2+8-LTS-86, mixed mode, sharing, tiered, compressed oops, compressed class ptrs, g1 gc, windows-amd64)
# No core dump will be written. Minidumps are not enabled by default on client versions of Windows
#

---------------  S U M M A R Y ------------

Command Line: -Dfile.encoding=UTF-8 --module-path=D:\学院班级文件汇总\JAVA校企\信息管理系统\lib\mysql-connector-java-8.0.26.jar -XX:+ShowCodeDetailsInExceptionMessages com.GK.View.Login

Host: AMD Ryzen 5 4600U with Radeon Graphics         , 12 cores, 7G,  Windows 10 , 64 bit Build 19041 (10.0.19041.1741)
Time: Thu Jun 30 11:41:44 2022  Windows 10 , 64 bit Build 19041 (10.0.19041.1741) elapsed time: 9.804686 seconds (0d 0h 0m 9s)

---------------  T H R E A D  ---------------

Current thread (0x00000260ffde65e0):  JavaThread "AWT-EventQueue-0" [_thread_in_vm, id=87156, stack(0x0000009e2b100000,0x0000009e2b200000)]

Stack: [0x0000009e2b100000,0x0000009e2b200000]
Native frames: (J=compiled Java code, j=interpreted, Vv=VM code, C=native code)
V  [jvm.dll+0x670baa]
V  [jvm.dll+0x7cfcb4]
V  [jvm.dll+0x7d145e]
V  [jvm.dll+0x7d1ac3]
V  [jvm.dll+0x242bc5]
V  [jvm.dll+0x7cbc5b]
V  [jvm.dll+0x616966]
V  [jvm.dll+0x1be3ee]
V  [jvm.dll+0x6192a1]
V  [jvm.dll+0x617306]
V  [jvm.dll+0x23718f]
V  [jvm.dll+0x621015]
V  [jvm.dll+0x1e7e2b]
V  [jvm.dll+0x1e8365]
V  [jvm.dll+0x1e8d9f]
V  [jvm.dll+0x1de251]
V  [jvm.dll+0x537c30]
V  [jvm.dll+0x74ad28]
V  [jvm.dll+0x74ae14]
V  [jvm.dll+0x408cc5]
V  [jvm.dll+0x40ed18]
C  [java.dll+0x17ec]

Java frames: (J=compiled Java code, j=interpreted, Vv=VM code)
j  java.lang.ClassLoader.defineClass1(Ljava/lang/ClassLoader;Ljava/lang/String;[BIILjava/security/ProtectionDomain;Ljava/lang/String;)Ljava/lang/Class;+0 java.base@17.0.2
j  java.lang.ClassLoader.defineClass(Ljava/lang/String;[BIILjava/security/ProtectionDomain;)Ljava/lang/Class;+27 java.base@17.0.2
j  java.lang.ClassLoader.defineClass(Ljava/lang/String;Ljava/nio/ByteBuffer;Ljava/security/ProtectionDomain;)Ljava/lang/Class;+38 java.base@17.0.2
j  java.security.SecureClassLoader.defineClass(Ljava/lang/String;Ljava/nio/ByteBuffer;Ljava/security/CodeSource;)Ljava/lang/Class;+8 java.base@17.0.2
j  jdk.internal.loader.BuiltinClassLoader.defineClass(Ljava/lang/String;Ljdk/internal/loader/BuiltinClassLoader$LoadedModule;)Ljava/lang/Class;+127 java.base@17.0.2
J 1756 c1 jdk.internal.loader.BuiltinClassLoader.loadClassOrNull(Ljava/lang/String;Z)Ljava/lang/Class; java.base@17.0.2 (143 bytes) @ 0x00000260eed48534 [0x00000260eed47f40+0x00000000000005f4]
J 1819 c1 jdk.internal.loader.ClassLoaders$AppClassLoader.loadClass(Ljava/lang/String;Z)Ljava/lang/Class; java.base@17.0.2 (40 bytes) @ 0x00000260eed65584 [0x00000260eed64f60+0x0000000000000624]
J 1772 c1 java.lang.ClassLoader.loadClass(Ljava/lang/String;)Ljava/lang/Class; java.base@17.0.2 (7 bytes) @ 0x00000260eed4f74c [0x00000260eed4f640+0x000000000000010c]
v  ~StubRoutines::call_stub
j  com.mysql.cj.jdbc.ConnectionImpl.getMetaData(ZZ)Ljava/sql/DatabaseMetaData;+21 mysql.connector.java@8.0.26
j  com.mysql.cj.jdbc.ConnectionImpl.<init>(Lcom/mysql/cj/conf/HostInfo;)V+728 mysql.connector.java@8.0.26
j  com.mysql.cj.jdbc.ConnectionImpl.getInstance(Lcom/mysql/cj/conf/HostInfo;)Lcom/mysql/cj/jdbc/JdbcConnection;+5 mysql.connector.java@8.0.26
j  com.mysql.cj.jdbc.NonRegisteringDriver.connect(Ljava/lang/String;Ljava/util/Properties;)Ljava/sql/Connection;+72 mysql.connector.java@8.0.26
j  java.sql.DriverManager.getConnection(Ljava/lang/String;Ljava/util/Properties;Ljava/lang/Class;)Ljava/sql/Connection;+131 java.sql@17.0.2
j  java.sql.DriverManager.getConnection(Ljava/lang/String;Ljava/lang/String;Ljava/lang/String;)Ljava/sql/Connection;+37 java.sql@17.0.2
j  com.GK.Util.Dbutil.getCon()Ljava/sql/Connection;+30
j  com.GK.Dao.BaseDao.<init>()V+12
j  com.GK.Dao.AdminDao.<init>()V+1
j  com.GK.View.Login$12.actionPerformed(Ljava/awt/event/ActionEvent;)V+88
j  javax.swing.AbstractButton.fireActionPerformed(Ljava/awt/event/ActionEvent;)V+84 java.desktop@17.0.2
j  javax.swing.AbstractButton$Handler.actionPerformed(Ljava/awt/event/ActionEvent;)V+5 java.desktop@17.0.2
j  javax.swing.DefaultButtonModel.fireActionPerformed(Ljava/awt/event/ActionEvent;)V+34 java.desktop@17.0.2
j  javax.swing.DefaultButtonModel.setPressed(Z)V+117 java.desktop@17.0.2
j  javax.swing.plaf.basic.BasicButtonListener.mouseReleased(Ljava/awt/event/MouseEvent;)V+35 java.desktop@17.0.2
j  java.awt.Component.processMouseEvent(Ljava/awt/event/MouseEvent;)V+64 java.desktop@17.0.2
j  javax.swing.JComponent.processMouseEvent(Ljava/awt/event/MouseEvent;)V+23 java.desktop@17.0.2
J 1661 c1 java.awt.Component.processEvent(Ljava/awt/AWTEvent;)V java.desktop@17.0.2 (220 bytes) @ 0x00000260eed121dc [0x00000260eed11ba0+0x000000000000063c]
J 1660 c1 java.awt.Container.processEvent(Ljava/awt/AWTEvent;)V java.desktop@17.0.2 (22 bytes) @ 0x00000260eed116ac [0x00000260eed11360+0x000000000000034c]
J 1570 c1 java.awt.Component.dispatchEventImpl(Ljava/awt/AWTEvent;)V java.desktop@17.0.2 (777 bytes) @ 0x00000260eeccdbb4 [0x00000260eecca080+0x0000000000003b34]
J 1492 c1 java.awt.Container.dispatchEventImpl(Ljava/awt/AWTEvent;)V java.desktop@17.0.2 (129 bytes) @ 0x00000260eec7c77c [0x00000260eec7c640+0x000000000000013c]
J 1491 c1 java.awt.Component.dispatchEvent(Ljava/awt/AWTEvent;)V java.desktop@17.0.2 (6 bytes) @ 0x00000260eec7c2bc [0x00000260eec7c1c0+0x00000000000000fc]
j  java.awt.LightweightDispatcher.retargetMouseEvent(Ljava/awt/Component;ILjava/awt/event/MouseEvent;)V+349 java.desktop@17.0.2
J 1568 c1 java.awt.LightweightDispatcher.processMouseEvent(Ljava/awt/event/MouseEvent;)Z java.desktop@17.0.2 (265 bytes) @ 0x00000260eecc8c14 [0x00000260eecc7c20+0x0000000000000ff4]
J 1573 c1 java.awt.LightweightDispatcher.dispatchEvent(Ljava/awt/AWTEvent;)Z java.desktop@17.0.2 (73 bytes) @ 0x00000260eecd395c [0x00000260eecd3500+0x000000000000045c]
J 1492 c1 java.awt.Container.dispatchEventImpl(Ljava/awt/AWTEvent;)V java.desktop@17.0.2 (129 bytes) @ 0x00000260eec7c71c [0x00000260eec7c640+0x00000000000000dc]
J 1551 c1 java.awt.Window.dispatchEventImpl(Ljava/awt/AWTEvent;)V java.desktop@17.0.2 (23 bytes) @ 0x00000260eecb8a94 [0x00000260eecb8480+0x0000000000000614]
J 1501 c1 java.awt.EventQueue.dispatchEventImpl(Ljava/awt/AWTEvent;Ljava/lang/Object;)V java.desktop@17.0.2 (136 bytes) @ 0x00000260eec81534 [0x00000260eec81060+0x00000000000004d4]
J 1504 c1 java.awt.EventQueue$4.run()Ljava/lang/Void; java.desktop@17.0.2 (60 bytes) @ 0x00000260eec8800c [0x00000260eec87ee0+0x000000000000012c]
J 1649 c1 java.awt.EventQueue$4.run()Ljava/lang/Object; java.desktop@17.0.2 (5 bytes) @ 0x00000260eecf0e14 [0x00000260eecf0da0+0x0000000000000074]
J 1357 c1 java.security.ProtectionDomain$JavaSecurityAccessImpl.doIntersectionPrivilege(Ljava/security/PrivilegedAction;Ljava/security/AccessControlContext;Ljava/security/AccessControlContext;)Ljava/lang/Object; java.base@17.0.2 (22 bytes) @ 0x00000260eec42eb4 [0x00000260eec42c20+0x0000000000000294]
J 1421 c1 java.awt.EventQueue.dispatchEvent(Ljava/awt/AWTEvent;)V java.desktop@17.0.2 (80 bytes) @ 0x00000260eec56fbc [0x00000260eec564e0+0x0000000000000adc]
J 1423 c1 java.awt.EventDispatchThread.pumpOneEventForFilters(I)V java.desktop@17.0.2 (113 bytes) @ 0x00000260eec58ba4 [0x00000260eec58520+0x0000000000000684]
j  java.awt.EventDispatchThread.pumpEventsForFilter(ILjava/awt/Conditional;Ljava/awt/EventFilter;)V+35 java.desktop@17.0.2
j  java.awt.EventDispatchThread.pumpEventsForHierarchy(ILjava/awt/Conditional;Ljava/awt/Component;)V+11 java.desktop@17.0.2
j  java.awt.EventDispatchThread.pumpEvents(ILjava/awt/Conditional;)V+4 java.desktop@17.0.2
j  java.awt.EventDispatchThread.pumpEvents(Ljava/awt/Conditional;)V+3 java.desktop@17.0.2
j  java.awt.EventDispatchThread.run()V+9 java.desktop@17.0.2
v  ~StubRoutines::call_stub

---------------  P R O C E S S  ---------------

Threads class SMR info:
_java_thread_list=0x000002608b051a50, length=19, elements={
0x00000260ff0d8460, 0x00000260ff0db790, 0x00000260ff0f59a0, 0x00000260ff0f6260,
0x00000260ff0f72c0, 0x00000260ff0fdfd0, 0x00000260ff0ff410, 0x00000260ff102970,
0x00000260ff10ba40, 0x00000260ff0c1ee0, 0x00000260ffdd8310, 0x00000260fff3b860,
0x00000260fff3bd30, 0x00000260fff3c390, 0x00000260ffde65e0, 0x00000260e6c2aad0,
0x0000026086349b10, 0x0000026086348300, 0x0000026086347e30
}

Java Threads: ( => current thread )
  0x00000260ff0d8460 JavaThread "Reference Handler" daemon [_thread_blocked, id=83328, stack(0x0000009e2a100000,0x0000009e2a200000)]
  0x00000260ff0db790 JavaThread "Finalizer" daemon [_thread_blocked, id=3744, stack(0x0000009e2a200000,0x0000009e2a300000)]
  0x00000260ff0f59a0 JavaThread "Signal Dispatcher" daemon [_thread_blocked, id=72384, stack(0x0000009e2a300000,0x0000009e2a400000)]
  0x00000260ff0f6260 JavaThread "Attach Listener" daemon [_thread_blocked, id=88212, stack(0x0000009e2a400000,0x0000009e2a500000)]
  0x00000260ff0f72c0 JavaThread "Service Thread" daemon [_thread_blocked, id=48724, stack(0x0000009e2a500000,0x0000009e2a600000)]
  0x00000260ff0fdfd0 JavaThread "Monitor Deflation Thread" daemon [_thread_blocked, id=78600, stack(0x0000009e2a600000,0x0000009e2a700000)]
  0x00000260ff0ff410 JavaThread "C2 CompilerThread0" daemon [_thread_blocked, id=90160, stack(0x0000009e2a700000,0x0000009e2a800000)]
  0x00000260ff102970 JavaThread "C1 CompilerThread0" daemon [_thread_blocked, id=10892, stack(0x0000009e2a800000,0x0000009e2a900000)]
  0x00000260ff10ba40 JavaThread "Sweeper thread" daemon [_thread_blocked, id=87500, stack(0x0000009e2a900000,0x0000009e2aa00000)]
  0x00000260ff0c1ee0 JavaThread "Common-Cleaner" daemon [_thread_blocked, id=75324, stack(0x0000009e2aa00000,0x0000009e2ab00000)]
  0x00000260ffdd8310 JavaThread "Notification Thread" daemon [_thread_blocked, id=87380, stack(0x0000009e2ac00000,0x0000009e2ad00000)]
  0x00000260fff3b860 JavaThread "Java2D Disposer" daemon [_thread_blocked, id=27044, stack(0x0000009e2ae00000,0x0000009e2af00000)]
  0x00000260fff3bd30 JavaThread "AWT-Shutdown" [_thread_blocked, id=55860, stack(0x0000009e2af00000,0x0000009e2b000000)]
  0x00000260fff3c390 JavaThread "AWT-Windows" daemon [_thread_in_native, id=65640, stack(0x0000009e2b000000,0x0000009e2b100000)]
=>0x00000260ffde65e0 JavaThread "AWT-EventQueue-0" [_thread_in_vm, id=87156, stack(0x0000009e2b100000,0x0000009e2b200000)]
  0x00000260e6c2aad0 JavaThread "DestroyJavaVM" [_thread_blocked, id=78128, stack(0x0000009e29a00000,0x0000009e29b00000)]
  0x0000026086349b10 JavaThread "D3D Screen Updater" daemon [_thread_blocked, id=44948, stack(0x0000009e2bd00000,0x0000009e2be00000)]
  0x0000026086348300 JavaThread "TimerQueue" daemon [_thread_blocked, id=68080, stack(0x0000009e2bf00000,0x0000009e2c000000)]
  0x0000026086347e30 JavaThread "mysql-cj-abandoned-connection-cleanup" daemon [_thread_blocked, id=6676, stack(0x0000009e2ab00000,0x0000009e2ac00000)]

Other Threads:
  0x00000260ff0d2eb0 VMThread "VM Thread" [stack: 0x0000009e2a000000,0x0000009e2a100000] [id=88892]
  0x00000260e6c83850 WatcherThread [stack: 0x0000009e2ad00000,0x0000009e2ae00000] [id=13812]
  0x00000260e6c69330 GCTaskThread "GC Thread#0" [stack: 0x0000009e29b00000,0x0000009e29c00000] [id=78108]
  0x000002608639ad50 GCTaskThread "GC Thread#1" [stack: 0x0000009e2c300000,0x0000009e2c400000] [id=48524]
  0x00000260fff0dae0 GCTaskThread "GC Thread#2" [stack: 0x0000009e2c400000,0x0000009e2c500000] [id=57080]
  0x00000260863bedc0 GCTaskThread "GC Thread#3" [stack: 0x0000009e2c500000,0x0000009e2c600000] [id=84604]
  0x00000260862a2630 GCTaskThread "GC Thread#4" [stack: 0x0000009e2c600000,0x0000009e2c700000] [id=53064]
  0x00000260862a28e0 GCTaskThread "GC Thread#5" [stack: 0x0000009e2c700000,0x0000009e2c800000] [id=88304]
  0x00000260865b73b0 GCTaskThread "GC Thread#6" [stack: 0x0000009e2c800000,0x0000009e2c900000] [id=72696]
  0x00000260865b68f0 GCTaskThread "GC Thread#7" [stack: 0x0000009e2c900000,0x0000009e2ca00000] [id=1216]
  0x00000260865b6640 GCTaskThread "GC Thread#8" [stack: 0x0000009e2ca00000,0x0000009e2cb00000] [id=88868]
  0x00000260e6c7b500 ConcurrentGCThread "G1 Main Marker" [stack: 0x0000009e29c00000,0x0000009e29d00000] [id=81520]
  0x00000260e6c7be20 ConcurrentGCThread "G1 Conc#0" [stack: 0x0000009e29d00000,0x0000009e29e00000] [id=44664]
  0x00000260e6cfd4e0 ConcurrentGCThread "G1 Refine#0" [stack: 0x0000009e29e00000,0x0000009e29f00000] [id=84556]
  0x00000260e6cfde10 ConcurrentGCThread "G1 Service" [stack: 0x0000009e29f00000,0x0000009e2a000000] [id=90224]

Threads with active compile tasks:

VM state: not at safepoint (normal execution)

VM Mutex/Monitor currently owned by a thread:  ([mutex/lock_event])
[0x00000260e6c24c20] Metaspace_lock - owner thread: 0x00000260ffde65e0

Heap address: 0x000000008a200000, size: 1886 MB, Compressed Oops mode: 32-bit

CDS archive(s) mapped at: [0x0000000800000000-0x0000000800bc0000-0x0000000800bc0000), size 12320768, SharedBaseAddress: 0x0000000800000000, ArchiveRelocationMode: 0.
Compressed class space mapped at: 0x0000000800c00000-0x0000000840c00000, reserved size: 1073741824
Narrow klass base: 0x0000000800000000, Narrow klass shift: 0, Narrow klass range: 0x100000000

GC Precious Log:
 CPUs: 12 total, 12 available
 Memory: 7542M
 Large Page Support: Disabled
 NUMA Support: Disabled
 Compressed Oops: Enabled (32-bit)
 Heap Region Size: 1M
 Heap Min Capacity: 8M
 Heap Initial Capacity: 118M
 Heap Max Capacity: 1886M
 Pre-touch: Disabled
 Parallel Workers: 10
 Concurrent Workers: 3
 Concurrent Refinement Workers: 10
 Periodic GC: Disabled

Heap:
 garbage-first heap   total 120832K, used 7166K [0x000000008a200000, 0x0000000100000000)
  region size 1024K, 7 young (7168K), 3 survivors (3072K)
 Metaspace       used 12005K, committed 12224K, reserved 1064960K
  class space    used 1363K, committed 1472K, reserved 1048576K

Heap Regions: E=young(eden), S=young(survivor), O=old, HS=humongous(starts), HC=humongous(continues), CS=collection set, F=free, OA=open archive, CA=closed archive, TAMS=top-at-mark-start (previous, next)
|   0|0x000000008a200000, 0x000000008a200000, 0x000000008a300000|  0%| F|  |TAMS 0x000000008a200000, 0x000000008a200000| Untracked 
|   1|0x000000008a300000, 0x000000008a300000, 0x000000008a400000|  0%| F|  |TAMS 0x000000008a300000, 0x000000008a300000| Untracked 
|   2|0x000000008a400000, 0x000000008a400000, 0x000000008a500000|  0%| F|  |TAMS 0x000000008a400000, 0x000000008a400000| Untracked 
|   3|0x000000008a500000, 0x000000008a500000, 0x000000008a600000|  0%| F|  |TAMS 0x000000008a500000, 0x000000008a500000| Untracked 
|   4|0x000000008a600000, 0x000000008a600000, 0x000000008a700000|  0%| F|  |TAMS 0x000000008a600000, 0x000000008a600000| Untracked 
|   5|0x000000008a700000, 0x000000008a7ff800, 0x000000008a800000| 99%| O|  |TAMS 0x000000008a700000, 0x000000008a700000| Untracked 
|   6|0x000000008a800000, 0x000000008a800000, 0x000000008a900000|  0%| F|  |TAMS 0x000000008a800000, 0x000000008a800000| Untracked 
|   7|0x000000008a900000, 0x000000008a900000, 0x000000008aa00000|  0%| F|  |TAMS 0x000000008a900000, 0x000000008a900000| Untracked 
|   8|0x000000008aa00000, 0x000000008aa00000, 0x000000008ab00000|  0%| F|  |TAMS 0x000000008aa00000, 0x000000008aa00000| Untracked 
|   9|0x000000008ab00000, 0x000000008ab00000, 0x000000008ac00000|  0%| F|  |TAMS 0x000000008ab00000, 0x000000008ab00000| Untracked 
|  10|0x000000008ac00000, 0x000000008ac00000, 0x000000008ad00000|  0%| F|  |TAMS 0x000000008ac00000, 0x000000008ac00000| Untracked 
|  11|0x000000008ad00000, 0x000000008ad00000, 0x000000008ae00000|  0%| F|  |TAMS 0x000000008ad00000, 0x000000008ad00000| Untracked 
|  12|0x000000008ae00000, 0x000000008ae00000, 0x000000008af00000|  0%| F|  |TAMS 0x000000008ae00000, 0x000000008ae00000| Untracked 
|  13|0x000000008af00000, 0x000000008af00000, 0x000000008b000000|  0%| F|  |TAMS 0x000000008af00000, 0x000000008af00000| Untracked 
|  14|0x000000008b000000, 0x000000008b000000, 0x000000008b100000|  0%| F|  |TAMS 0x000000008b000000, 0x000000008b000000| Untracked 
|  15|0x000000008b100000, 0x000000008b100000, 0x000000008b200000|  0%| F|  |TAMS 0x000000008b100000, 0x000000008b100000| Untracked 
|  16|0x000000008b200000, 0x000000008b200000, 0x000000008b300000|  0%| F|  |TAMS 0x000000008b200000, 0x000000008b200000| Untracked 
|  17|0x000000008b300000, 0x000000008b300000, 0x000000008b400000|  0%| F|  |TAMS 0x000000008b300000, 0x000000008b300000| Untracked 
|  18|0x000000008b400000, 0x000000008b400000, 0x000000008b500000|  0%| F|  |TAMS 0x000000008b400000, 0x000000008b400000| Untracked 
|  19|0x000000008b500000, 0x000000008b500000, 0x000000008b600000|  0%| F|  |TAMS 0x000000008b500000, 0x000000008b500000| Untracked 
|  20|0x000000008b600000, 0x000000008b600000, 0x000000008b700000|  0%| F|  |TAMS 0x000000008b600000, 0x000000008b600000| Untracked 
|  21|0x000000008b700000, 0x000000008b700000, 0x000000008b800000|  0%| F|  |TAMS 0x000000008b700000, 0x000000008b700000| Untracked 
|  22|0x000000008b800000, 0x000000008b800000, 0x000000008b900000|  0%| F|  |TAMS 0x000000008b800000, 0x000000008b800000| Untracked 
|  23|0x000000008b900000, 0x000000008b900000, 0x000000008ba00000|  0%| F|  |TAMS 0x000000008b900000, 0x000000008b900000| Untracked 
|  24|0x000000008ba00000, 0x000000008ba00000, 0x000000008bb00000|  0%| F|  |TAMS 0x000000008ba00000, 0x000000008ba00000| Untracked 
|  25|0x000000008bb00000, 0x000000008bb00000, 0x000000008bc00000|  0%| F|  |TAMS 0x000000008bb00000, 0x000000008bb00000| Untracked 
|  26|0x000000008bc00000, 0x000000008bc00000, 0x000000008bd00000|  0%| F|  |TAMS 0x000000008bc00000, 0x000000008bc00000| Untracked 
|  27|0x000000008bd00000, 0x000000008bd00000, 0x000000008be00000|  0%| F|  |TAMS 0x000000008bd00000, 0x000000008bd00000| Untracked 
|  28|0x000000008be00000, 0x000000008be00000, 0x000000008bf00000|  0%| F|  |TAMS 0x000000008be00000, 0x000000008be00000| Untracked 
|  29|0x000000008bf00000, 0x000000008bf00000, 0x000000008c000000|  0%| F|  |TAMS 0x000000008bf00000, 0x000000008bf00000| Untracked 
|  30|0x000000008c000000, 0x000000008c000000, 0x000000008c100000|  0%| F|  |TAMS 0x000000008c000000, 0x000000008c000000| Untracked 
|  31|0x000000008c100000, 0x000000008c100000, 0x000000008c200000|  0%| F|  |TAMS 0x000000008c100000, 0x000000008c100000| Untracked 
|  32|0x000000008c200000, 0x000000008c200000, 0x000000008c300000|  0%| F|  |TAMS 0x000000008c200000, 0x000000008c200000| Untracked 
|  33|0x000000008c300000, 0x000000008c300000, 0x000000008c400000|  0%| F|  |TAMS 0x000000008c300000, 0x000000008c300000| Untracked 
|  34|0x000000008c400000, 0x000000008c400000, 0x000000008c500000|  0%| F|  |TAMS 0x000000008c400000, 0x000000008c400000| Untracked 
|  35|0x000000008c500000, 0x000000008c500000, 0x000000008c600000|  0%| F|  |TAMS 0x000000008c500000, 0x000000008c500000| Untracked 
|  36|0x000000008c600000, 0x000000008c600000, 0x000000008c700000|  0%| F|  |TAMS 0x000000008c600000, 0x000000008c600000| Untracked 
|  37|0x000000008c700000, 0x000000008c700000, 0x000000008c800000|  0%| F|  |TAMS 0x000000008c700000, 0x000000008c700000| Untracked 
|  38|0x000000008c800000, 0x000000008c800000, 0x000000008c900000|  0%| F|  |TAMS 0x000000008c800000, 0x000000008c800000| Untracked 
|  39|0x000000008c900000, 0x000000008c900000, 0x000000008ca00000|  0%| F|  |TAMS 0x000000008c900000, 0x000000008c900000| Untracked 
|  40|0x000000008ca00000, 0x000000008ca00000, 0x000000008cb00000|  0%| F|  |TAMS 0x000000008ca00000, 0x000000008ca00000| Untracked 
|  41|0x000000008cb00000, 0x000000008cb00000, 0x000000008cc00000|  0%| F|  |TAMS 0x000000008cb00000, 0x000000008cb00000| Untracked 
|  42|0x000000008cc00000, 0x000000008cc00000, 0x000000008cd00000|  0%| F|  |TAMS 0x000000008cc00000, 0x000000008cc00000| Untracked 
|  43|0x000000008cd00000, 0x000000008cd00000, 0x000000008ce00000|  0%| F|  |TAMS 0x000000008cd00000, 0x000000008cd00000| Untracked 
|  44|0x000000008ce00000, 0x000000008ce00000, 0x000000008cf00000|  0%| F|  |TAMS 0x000000008ce00000, 0x000000008ce00000| Untracked 
|  45|0x000000008cf00000, 0x000000008cf00000, 0x000000008d000000|  0%| F|  |TAMS 0x000000008cf00000, 0x000000008cf00000| Untracked 
|  46|0x000000008d000000, 0x000000008d000000, 0x000000008d100000|  0%| F|  |TAMS 0x000000008d000000, 0x000000008d000000| Untracked 
|  47|0x000000008d100000, 0x000000008d100000, 0x000000008d200000|  0%| F|  |TAMS 0x000000008d100000, 0x000000008d100000| Untracked 
|  48|0x000000008d200000, 0x000000008d200000, 0x000000008d300000|  0%| F|  |TAMS 0x000000008d200000, 0x000000008d200000| Untracked 
|  49|0x000000008d300000, 0x000000008d300000, 0x000000008d400000|  0%| F|  |TAMS 0x000000008d300000, 0x000000008d300000| Untracked 
|  50|0x000000008d400000, 0x000000008d400000, 0x000000008d500000|  0%| F|  |TAMS 0x000000008d400000, 0x000000008d400000| Untracked 
|  51|0x000000008d500000, 0x000000008d500000, 0x000000008d600000|  0%| F|  |TAMS 0x000000008d500000, 0x000000008d500000| Untracked 
|  52|0x000000008d600000, 0x000000008d600000, 0x000000008d700000|  0%| F|  |TAMS 0x000000008d600000, 0x000000008d600000| Untracked 
|  53|0x000000008d700000, 0x000000008d700000, 0x000000008d800000|  0%| F|  |TAMS 0x000000008d700000, 0x000000008d700000| Untracked 
|  54|0x000000008d800000, 0x000000008d800000, 0x000000008d900000|  0%| F|  |TAMS 0x000000008d800000, 0x000000008d800000| Untracked 
|  55|0x000000008d900000, 0x000000008d900000, 0x000000008da00000|  0%| F|  |TAMS 0x000000008d900000, 0x000000008d900000| Untracked 
|  56|0x000000008da00000, 0x000000008da00000, 0x000000008db00000|  0%| F|  |TAMS 0x000000008da00000, 0x000000008da00000| Untracked 
|  57|0x000000008db00000, 0x000000008db00000, 0x000000008dc00000|  0%| F|  |TAMS 0x000000008db00000, 0x000000008db00000| Untracked 
|  58|0x000000008dc00000, 0x000000008dc00000, 0x000000008dd00000|  0%| F|  |TAMS 0x000000008dc00000, 0x000000008dc00000| Untracked 
|  59|0x000000008dd00000, 0x000000008dd00000, 0x000000008de00000|  0%| F|  |TAMS 0x000000008dd00000, 0x000000008dd00000| Untracked 
|  60|0x000000008de00000, 0x000000008de00000, 0x000000008df00000|  0%| F|  |TAMS 0x000000008de00000, 0x000000008de00000| Untracked 
|  61|0x000000008df00000, 0x000000008df00000, 0x000000008e000000|  0%| F|  |TAMS 0x000000008df00000, 0x000000008df00000| Untracked 
|  62|0x000000008e000000, 0x000000008e000000, 0x000000008e100000|  0%| F|  |TAMS 0x000000008e000000, 0x000000008e000000| Untracked 
|  63|0x000000008e100000, 0x000000008e100000, 0x000000008e200000|  0%| F|  |TAMS 0x000000008e100000, 0x000000008e100000| Untracked 
|  64|0x000000008e200000, 0x000000008e200000, 0x000000008e300000|  0%| F|  |TAMS 0x000000008e200000, 0x000000008e200000| Untracked 
|  65|0x000000008e300000, 0x000000008e300000, 0x000000008e400000|  0%| F|  |TAMS 0x000000008e300000, 0x000000008e300000| Untracked 
|  66|0x000000008e400000, 0x000000008e400000, 0x000000008e500000|  0%| F|  |TAMS 0x000000008e400000, 0x000000008e400000| Untracked 
|  67|0x000000008e500000, 0x000000008e500000, 0x000000008e600000|  0%| F|  |TAMS 0x000000008e500000, 0x000000008e500000| Untracked 
|  68|0x000000008e600000, 0x000000008e600000, 0x000000008e700000|  0%| F|  |TAMS 0x000000008e600000, 0x000000008e600000| Untracked 
|  69|0x000000008e700000, 0x000000008e700000, 0x000000008e800000|  0%| F|  |TAMS 0x000000008e700000, 0x000000008e700000| Untracked 
|  70|0x000000008e800000, 0x000000008e800000, 0x000000008e900000|  0%| F|  |TAMS 0x000000008e800000, 0x000000008e800000| Untracked 
|  71|0x000000008e900000, 0x000000008e900000, 0x000000008ea00000|  0%| F|  |TAMS 0x000000008e900000, 0x000000008e900000| Untracked 
|  72|0x000000008ea00000, 0x000000008ea00000, 0x000000008eb00000|  0%| F|  |TAMS 0x000000008ea00000, 0x000000008ea00000| Untracked 
|  73|0x000000008eb00000, 0x000000008eb00000, 0x000000008ec00000|  0%| F|  |TAMS 0x000000008eb00000, 0x000000008eb00000| Untracked 
|  74|0x000000008ec00000, 0x000000008ec00000, 0x000000008ed00000|  0%| F|  |TAMS 0x000000008ec00000, 0x000000008ec00000| Untracked 
|  75|0x000000008ed00000, 0x000000008ed00000, 0x000000008ee00000|  0%| F|  |TAMS 0x000000008ed00000, 0x000000008ed00000| Untracked 
|  76|0x000000008ee00000, 0x000000008ee00000, 0x000000008ef00000|  0%| F|  |TAMS 0x000000008ee00000, 0x000000008ee00000| Untracked 
|  77|0x000000008ef00000, 0x000000008ef00000, 0x000000008f000000|  0%| F|  |TAMS 0x000000008ef00000, 0x000000008ef00000| Untracked 
|  78|0x000000008f000000, 0x000000008f000000, 0x000000008f100000|  0%| F|  |TAMS 0x000000008f000000, 0x000000008f000000| Untracked 
|  79|0x000000008f100000, 0x000000008f100000, 0x000000008f200000|  0%| F|  |TAMS 0x000000008f100000, 0x000000008f100000| Untracked 
|  80|0x000000008f200000, 0x000000008f200000, 0x000000008f300000|  0%| F|  |TAMS 0x000000008f200000, 0x000000008f200000| Untracked 
|  81|0x000000008f300000, 0x000000008f300000, 0x000000008f400000|  0%| F|  |TAMS 0x000000008f300000, 0x000000008f300000| Untracked 
|  82|0x000000008f400000, 0x000000008f400000, 0x000000008f500000|  0%| F|  |TAMS 0x000000008f400000, 0x000000008f400000| Untracked 
|  83|0x000000008f500000, 0x000000008f500000, 0x000000008f600000|  0%| F|  |TAMS 0x000000008f500000, 0x000000008f500000| Untracked 
|  84|0x000000008f600000, 0x000000008f600000, 0x000000008f700000|  0%| F|  |TAMS 0x000000008f600000, 0x000000008f600000| Untracked 
|  85|0x000000008f700000, 0x000000008f700000, 0x000000008f800000|  0%| F|  |TAMS 0x000000008f700000, 0x000000008f700000| Untracked 
|  86|0x000000008f800000, 0x000000008f800000, 0x000000008f900000|  0%| F|  |TAMS 0x000000008f800000, 0x000000008f800000| Untracked 
|  87|0x000000008f900000, 0x000000008f900000, 0x000000008fa00000|  0%| F|  |TAMS 0x000000008f900000, 0x000000008f900000| Untracked 
|  88|0x000000008fa00000, 0x000000008fa00000, 0x000000008fb00000|  0%| F|  |TAMS 0x000000008fa00000, 0x000000008fa00000| Untracked 
|  89|0x000000008fb00000, 0x000000008fb00000, 0x000000008fc00000|  0%| F|  |TAMS 0x000000008fb00000, 0x000000008fb00000| Untracked 
|  90|0x000000008fc00000, 0x000000008fc00000, 0x000000008fd00000|  0%| F|  |TAMS 0x000000008fc00000, 0x000000008fc00000| Untracked 
|  91|0x000000008fd00000, 0x000000008fd00000, 0x000000008fe00000|  0%| F|  |TAMS 0x000000008fd00000, 0x000000008fd00000| Untracked 
|  92|0x000000008fe00000, 0x000000008ff00000, 0x000000008ff00000|100%| S|CS|TAMS 0x000000008fe00000, 0x000000008fe00000| Complete 
|  93|0x000000008ff00000, 0x0000000090000000, 0x0000000090000000|100%| S|CS|TAMS 0x000000008ff00000, 0x000000008ff00000| Complete 
|  94|0x0000000090000000, 0x0000000090100000, 0x0000000090100000|100%| S|CS|TAMS 0x0000000090000000, 0x0000000090000000| Complete 
|  95|0x0000000090100000, 0x0000000090100000, 0x0000000090200000|  0%| F|  |TAMS 0x0000000090100000, 0x0000000090100000| Untracked 
|  96|0x0000000090200000, 0x0000000090200000, 0x0000000090300000|  0%| F|  |TAMS 0x0000000090200000, 0x0000000090200000| Untracked 
|  97|0x0000000090300000, 0x0000000090300000, 0x0000000090400000|  0%| F|  |TAMS 0x0000000090300000, 0x0000000090300000| Untracked 
|  98|0x0000000090400000, 0x0000000090400000, 0x0000000090500000|  0%| F|  |TAMS 0x0000000090400000, 0x0000000090400000| Untracked 
|  99|0x0000000090500000, 0x0000000090500000, 0x0000000090600000|  0%| F|  |TAMS 0x0000000090500000, 0x0000000090500000| Untracked 
| 100|0x0000000090600000, 0x0000000090600000, 0x0000000090700000|  0%| F|  |TAMS 0x0000000090600000, 0x0000000090600000| Untracked 
| 101|0x0000000090700000, 0x0000000090700000, 0x0000000090800000|  0%| F|  |TAMS 0x0000000090700000, 0x0000000090700000| Untracked 
| 102|0x0000000090800000, 0x0000000090800000, 0x0000000090900000|  0%| F|  |TAMS 0x0000000090800000, 0x0000000090800000| Untracked 
| 103|0x0000000090900000, 0x0000000090900000, 0x0000000090a00000|  0%| F|  |TAMS 0x0000000090900000, 0x0000000090900000| Untracked 
| 104|0x0000000090a00000, 0x0000000090a00000, 0x0000000090b00000|  0%| F|  |TAMS 0x0000000090a00000, 0x0000000090a00000| Untracked 
| 105|0x0000000090b00000, 0x0000000090b00000, 0x0000000090c00000|  0%| F|  |TAMS 0x0000000090b00000, 0x0000000090b00000| Untracked 
| 106|0x0000000090c00000, 0x0000000090c00000, 0x0000000090d00000|  0%| F|  |TAMS 0x0000000090c00000, 0x0000000090c00000| Untracked 
| 107|0x0000000090d00000, 0x0000000090d00000, 0x0000000090e00000|  0%| F|  |TAMS 0x0000000090d00000, 0x0000000090d00000| Untracked 
| 108|0x0000000090e00000, 0x0000000090e00000, 0x0000000090f00000|  0%| F|  |TAMS 0x0000000090e00000, 0x0000000090e00000| Untracked 
| 109|0x0000000090f00000, 0x0000000090f00000, 0x0000000091000000|  0%| F|  |TAMS 0x0000000090f00000, 0x0000000090f00000| Untracked 
| 110|0x0000000091000000, 0x0000000091000000, 0x0000000091100000|  0%| F|  |TAMS 0x0000000091000000, 0x0000000091000000| Untracked 
| 111|0x0000000091100000, 0x0000000091100000, 0x0000000091200000|  0%| F|  |TAMS 0x0000000091100000, 0x0000000091100000| Untracked 
| 112|0x0000000091200000, 0x0000000091200000, 0x0000000091300000|  0%| F|  |TAMS 0x0000000091200000, 0x0000000091200000| Untracked 
| 113|0x0000000091300000, 0x0000000091300000, 0x0000000091400000|  0%| F|  |TAMS 0x0000000091300000, 0x0000000091300000| Untracked 
| 114|0x0000000091400000, 0x0000000091400800, 0x0000000091500000|  0%| E|  |TAMS 0x0000000091400000, 0x0000000091400000| Complete 
| 115|0x0000000091500000, 0x0000000091600000, 0x0000000091600000|100%| E|CS|TAMS 0x0000000091500000, 0x0000000091500000| Complete 
| 116|0x0000000091600000, 0x0000000091700000, 0x0000000091700000|100%| E|CS|TAMS 0x0000000091600000, 0x0000000091600000| Complete 
| 117|0x0000000091700000, 0x0000000091800000, 0x0000000091800000|100%| E|CS|TAMS 0x0000000091700000, 0x0000000091700000| Complete 

Card table byte_map: [0x00000260fdd90000,0x00000260fe140000] _byte_map_base: 0x00000260fd93f000

Marking Bits (Prev, Next): (CMBitMap*) 0x00000260e6c6b870, (CMBitMap*) 0x00000260e6c6b8b0
 Prev Bits: [0x0000026080000000, 0x0000026081d78000)
 Next Bits: [0x0000026081d80000, 0x0000026083af8000)

Polling page: 0x00000260e6410000

Metaspace:

Usage:
  Non-class:     10.39 MB used.
      Class:      1.33 MB used.
       Both:     11.72 MB used.

Virtual space:
  Non-class space:       16.00 MB reserved,      10.50 MB ( 66%) committed,  2 nodes.
      Class space:        1.00 GB reserved,       1.44 MB ( <1%) committed,  1 nodes.
             Both:        1.02 GB reserved,      11.94 MB (  1%) committed. 

Chunk freelists:
   Non-Class:  1.23 MB
       Class:  2.59 MB
        Both:  3.83 MB

MaxMetaspaceSize: unlimited
CompressedClassSpaceSize: 1.00 GB
Initial GC threshold: 21.00 MB
Current GC threshold: 21.00 MB
CDS: on
MetaspaceReclaimPolicy: balanced
 - commit_granule_bytes: 65536.
 - commit_granule_words: 8192.
 - virtual_space_node_default_size: 1048576.
 - enlarge_chunks_in_place: 1.
 - new_chunks_are_fully_committed: 0.
 - uncommit_free_chunks: 1.
 - use_allocation_guard: 0.
 - handle_deallocations: 1.


Internal statistics:

num_allocs_failed_limit: 0.
num_arena_births: 138.
num_arena_deaths: 0.
num_vsnodes_births: 3.
num_vsnodes_deaths: 0.
num_space_committed: 191.
num_space_uncommitted: 0.
num_chunks_returned_to_freelist: 0.
num_chunks_taken_from_freelist: 260.
num_chunk_merges: 0.
num_chunk_splits: 156.
num_chunks_enlarged: 82.
num_purges: 0.
num_inconsistent_stats: 0.

CodeHeap 'non-profiled nmethods': size=120000Kb used=530Kb max_used=530Kb free=119469Kb
 bounds [0x00000260f5f60000, 0x00000260f61d0000, 0x00000260fd490000]
CodeHeap 'profiled nmethods': size=120000Kb used=3292Kb max_used=3292Kb free=116707Kb
 bounds [0x00000260eea30000, 0x00000260eed70000, 0x00000260f5f60000]
CodeHeap 'non-nmethods': size=5760Kb used=1331Kb max_used=1345Kb free=4428Kb
 bounds [0x00000260ee490000, 0x00000260ee700000, 0x00000260eea30000]
 total_blobs=2496 nmethods=1827 adapters=581
 compilation: enabled
              stopped_count=0, restarted_count=0
 full_count=0

Compilation events (20 events):
Event: 9.788 Thread 0x00000260ff0ff410 nmethod 1818 0x00000260f5fe3810 code [0x00000260f5fe3980, 0x00000260f5fe39d8]
Event: 9.788 Thread 0x00000260ff102970 nmethod 1817 0x00000260eed63b90 code [0x00000260eed63e00, 0x00000260eed64a38]
Event: 9.790 Thread 0x00000260ff102970 1819       3       jdk.internal.loader.ClassLoaders$AppClassLoader::loadClass (40 bytes)
Event: 9.790 Thread 0x00000260ff102970 nmethod 1819 0x00000260eed64d10 code [0x00000260eed64f60, 0x00000260eed65898]
Event: 9.790 Thread 0x00000260ff102970 1820       3       java.lang.StringLatin1::inflate (10 bytes)
Event: 9.790 Thread 0x00000260ff102970 nmethod 1820 0x00000260eed65c10 code [0x00000260eed65da0, 0x00000260eed65ea8]
Event: 9.790 Thread 0x00000260ff102970 1821       1       jdk.internal.loader.BuiltinClassLoader$LoadedModule::mref (5 bytes)
Event: 9.790 Thread 0x00000260ff102970 nmethod 1821 0x00000260f5fe3b10 code [0x00000260f5fe3ca0, 0x00000260f5fe3d78]
Event: 9.791 Thread 0x00000260ff0ff410 1822       4       java.nio.ByteBuffer::limit (6 bytes)
Event: 9.792 Thread 0x00000260ff0ff410 nmethod 1822 0x00000260f5fe3e10 code [0x00000260f5fe3fa0, 0x00000260f5fe40b8]
Event: 9.792 Thread 0x00000260ff102970 1823       3       java.io.InputStream::<init> (5 bytes)
Event: 9.792 Thread 0x00000260ff102970 nmethod 1823 0x00000260eed65f90 code [0x00000260eed66120, 0x00000260eed66278]
Event: 9.794 Thread 0x00000260ff0ff410 1824       4       java.lang.StringLatin1::lastIndexOf (40 bytes)
Event: 9.795 Thread 0x00000260ff102970 1825       3       java.io.RandomAccessFile::read (8 bytes)
Event: 9.795 Thread 0x00000260ff102970 nmethod 1825 0x00000260eed66310 code [0x00000260eed664a0, 0x00000260eed665e8]
Event: 9.795 Thread 0x00000260ff102970 1827       3       jdk.internal.ref.CleanerImpl$PhantomCleanableRef::performCleanup (10 bytes)
Event: 9.795 Thread 0x00000260ff102970 nmethod 1827 0x00000260eed66690 code [0x00000260eed66840, 0x00000260eed66a08]
Event: 9.795 Thread 0x00000260ff102970 1828       3       java.nio.ByteBuffer::arrayOffset (35 bytes)
Event: 9.795 Thread 0x00000260ff102970 nmethod 1828 0x00000260eed66b10 code [0x00000260eed66ce0, 0x00000260eed66f58]
Event: 9.795 Thread 0x00000260ff0ff410 nmethod 1824 0x00000260f5fe4610 code [0x00000260f5fe4780, 0x00000260f5fe4918]

GC Heap History (2 events):
Event: 9.761 GC heap before
{Heap before GC invocations=0 (full 0):
 garbage-first heap   total 120832K, used 27648K [0x000000008a200000, 0x0000000100000000)
  region size 1024K, 23 young (23552K), 0 survivors (0K)
 Metaspace       used 11214K, committed 11456K, reserved 1064960K
  class space    used 1302K, committed 1408K, reserved 1048576K
}
Event: 9.767 GC heap after
{Heap after GC invocations=1 (full 0):
 garbage-first heap   total 120832K, used 4094K [0x000000008a200000, 0x0000000100000000)
  region size 1024K, 3 young (3072K), 3 survivors (3072K)
 Metaspace       used 11214K, committed 11456K, reserved 1064960K
  class space    used 1302K, committed 1408K, reserved 1048576K
}

Deoptimization events (20 events):
Event: 9.714 Thread 0x00000260ffde65e0 Uncommon trap: trap_request=0xffffff45 fr.pc=0x00000260f5fad184 relative=0x00000000000000e4
Event: 9.714 Thread 0x00000260ffde65e0 Uncommon trap: reason=unstable_if action=reinterpret pc=0x00000260f5fad184 method=java.lang.ThreadLocal$ThreadLocalMap.getEntry(Ljava/lang/ThreadLocal;)Ljava/lang/ThreadLocal$ThreadLocalMap$Entry; @ 21 c2
Event: 9.714 Thread 0x00000260ffde65e0 DEOPT PACKING pc=0x00000260f5fad184 sp=0x0000009e2b1fd750
Event: 9.714 Thread 0x00000260ffde65e0 DEOPT UNPACKING pc=0x00000260ee4e23a3 sp=0x0000009e2b1fd668 mode 2
Event: 9.714 Thread 0x00000260ffde65e0 Uncommon trap: trap_request=0xffffff45 fr.pc=0x00000260f5f6fe84 relative=0x0000000000000084
Event: 9.714 Thread 0x00000260ffde65e0 Uncommon trap: reason=unstable_if action=reinterpret pc=0x00000260f5f6fe84 method=java.lang.CharacterDataLatin1.isJavaIdentifierPart(I)Z @ 11 c2
Event: 9.714 Thread 0x00000260ffde65e0 DEOPT PACKING pc=0x00000260f5f6fe84 sp=0x0000009e2b1fdfb0
Event: 9.714 Thread 0x00000260ffde65e0 DEOPT UNPACKING pc=0x00000260ee4e23a3 sp=0x0000009e2b1fdf28 mode 2
Event: 9.727 Thread 0x00000260ffde65e0 Uncommon trap: trap_request=0xffffff45 fr.pc=0x00000260f5f8ac64 relative=0x00000000000004a4
Event: 9.727 Thread 0x00000260ffde65e0 Uncommon trap: reason=unstable_if action=reinterpret pc=0x00000260f5f8ac64 method=java.lang.StringLatin1.newString([BII)Ljava/lang/String; @ 1 c2
Event: 9.727 Thread 0x00000260ffde65e0 DEOPT PACKING pc=0x00000260f5f8ac64 sp=0x0000009e2b1fdf80
Event: 9.727 Thread 0x00000260ffde65e0 DEOPT UNPACKING pc=0x00000260ee4e23a3 sp=0x0000009e2b1fdee0 mode 2
Event: 9.732 Thread 0x00000260ffde65e0 Uncommon trap: trap_request=0xffffff45 fr.pc=0x00000260f5fa7fa0 relative=0x00000000000000a0
Event: 9.732 Thread 0x00000260ffde65e0 Uncommon trap: reason=unstable_if action=reinterpret pc=0x00000260f5fa7fa0 method=java.nio.Buffer.position(I)Ljava/nio/Buffer; @ 37 c2
Event: 9.732 Thread 0x00000260ffde65e0 DEOPT PACKING pc=0x00000260f5fa7fa0 sp=0x0000009e2b1fb310
Event: 9.732 Thread 0x00000260ffde65e0 DEOPT UNPACKING pc=0x00000260ee4e23a3 sp=0x0000009e2b1fb250 mode 2
Event: 9.733 Thread 0x00000260ffde65e0 Uncommon trap: trap_request=0xffffff45 fr.pc=0x00000260f5fa76a0 relative=0x00000000000000a0
Event: 9.733 Thread 0x00000260ffde65e0 Uncommon trap: reason=unstable_if action=reinterpret pc=0x00000260f5fa76a0 method=java.nio.Buffer.position(I)Ljava/nio/Buffer; @ 37 c2
Event: 9.733 Thread 0x00000260ffde65e0 DEOPT PACKING pc=0x00000260f5fa76a0 sp=0x0000009e2b1fb2c0
Event: 9.733 Thread 0x00000260ffde65e0 DEOPT UNPACKING pc=0x00000260ee4e23a3 sp=0x0000009e2b1fb258 mode 2

Classes unloaded (0 events):
No events

Classes redefined (0 events):
No events

Internal exceptions (20 events):
Event: 0.226 Thread 0x00000260e6c2aad0 Exception <a 'java/lang/NoSuchMethodError'{0x0000000091414198}: 'java.lang.Object java.lang.invoke.DirectMethodHandle$Holder.invokeInterface(java.lang.Object, java.lang.Object)'> (0x0000000091414198) 
thrown [t:\workspace\open\src\hotspot\share\interpreter\linkResolver.cpp, line 766]
Event: 0.226 Thread 0x00000260e6c2aad0 Exception <a 'java/lang/IncompatibleClassChangeError'{0x0000000091417810}: Found class java.lang.Object, but interface was expected> (0x0000000091417810) 
thrown [t:\workspace\open\src\hotspot\share\interpreter\linkResolver.cpp, line 833]
Event: 0.227 Thread 0x00000260e6c2aad0 Exception <a 'java/lang/NoSuchMethodError'{0x000000009141a5d8}: 'void java.lang.invoke.DirectMethodHandle$Holder.invokeStatic(java.lang.Object, java.lang.Object, java.lang.Object, java.lang.Object)'> (0x000000009141a5d8) 
thrown [t:\workspace\open\src\hotspot\share\interpreter\linkResolver.cpp, line 766]
Event: 0.285 Thread 0x00000260e6c2aad0 Exception <a 'java/lang/ClassNotFoundException'{0x00000000914decc8}: sun/awt/resources/spi/awtProvider> (0x00000000914decc8) 
thrown [t:\workspace\open\src\hotspot\share\classfile\systemDictionary.cpp, line 256]
Event: 0.320 Thread 0x00000260e6c2aad0 Exception <a 'java/io/FileNotFoundException'{0x0000000091331dd0}> (0x0000000091331dd0) 
thrown [t:\workspace\open\src\hotspot\share\prims\jni.cpp, line 516]
Event: 0.327 Thread 0x00000260e6c2aad0 Exception <a 'java/io/FileNotFoundException'{0x000000009135ee38}> (0x000000009135ee38) 
thrown [t:\workspace\open\src\hotspot\share\prims\jni.cpp, line 516]
Event: 0.381 Thread 0x00000260e6c2aad0 Exception <a 'java/lang/NoSuchMethodError'{0x0000000091390718}: 'java.lang.Object java.lang.invoke.DirectMethodHandle$Holder.invokeStaticInit(java.lang.Object)'> (0x0000000091390718) 
thrown [t:\workspace\open\src\hotspot\share\interpreter\linkResolver.cpp, line 766]
Event: 0.603 Thread 0x00000260ffde65e0 Exception <a 'java/lang/NoSuchMethodError'{0x00000000912e7b48}: 'java.lang.Object java.lang.invoke.DirectMethodHandle$Holder.newInvokeSpecial(java.lang.Object, java.lang.Object, java.lang.Object, java.lang.Object, java.lang.Object)'> (0x00000000912e7b48) 
thrown [t:\workspace\open\src\hotspot\share\interpreter\linkResolver.cpp, line 766]
Event: 0.604 Thread 0x00000260ffde65e0 Exception <a 'java/lang/NoSuchMethodError'{0x00000000912f3778}: 'java.lang.Object java.lang.invoke.DirectMethodHandle$Holder.invokeStatic(java.lang.Object, int, java.lang.Object, java.lang.Object, java.lang.Object, java.lang.Object)'> (0x00000000912f3778) 
thrown [t:\workspace\open\src\hotspot\share\interpreter\linkResolver.cpp, line 766]
Event: 0.608 Thread 0x00000260ffde65e0 Exception <a 'java/lang/NoSuchMethodError'{0x0000000091119408}: 'java.lang.Object java.lang.invoke.DirectMethodHandle$Holder.invokeStatic(java.lang.Object, int, java.lang.Object)'> (0x0000000091119408) 
thrown [t:\workspace\open\src\hotspot\share\interpreter\linkResolver.cpp, line 766]
Event: 0.628 Thread 0x00000260ffde65e0 Exception <a 'java/lang/ClassNotFoundException'{0x00000000911d0d30}: com/sun/swing/internal/plaf/metal/resources/spi/metalProvider> (0x00000000911d0d30) 
thrown [t:\workspace\open\src\hotspot\share\classfile\systemDictionary.cpp, line 256]
Event: 0.630 Thread 0x00000260ffde65e0 Exception <a 'java/lang/ClassNotFoundException'{0x00000000911d68e8}: com/sun/swing/internal/plaf/basic/resources/spi/basicProvider> (0x00000000911d68e8) 
thrown [t:\workspace\open\src\hotspot\share\classfile\systemDictionary.cpp, line 256]
Event: 0.638 Thread 0x00000260ffde65e0 Implicit null exception at 0x00000260f5f7b1be to 0x00000260f5f7bf08
Event: 0.673 Thread 0x000002608603eb80 Exception <a 'java/lang/NoSuchMethodError'{0x0000000091084ae8}: 'java.lang.Object java.lang.invoke.DirectMethodHandle$Holder.newInvokeSpecial(java.lang.Object, java.lang.Object, java.lang.Object, int, int, int, int, int)'> (0x0000000091084ae8) 
thrown [t:\workspace\open\src\hotspot\share\interpreter\linkResolver.cpp, line 766]
Event: 0.749 Thread 0x00000260ffde65e0 Implicit null exception at 0x00000260f5f77e8f to 0x00000260f5f77f09
Event: 0.784 Thread 0x00000260fff3c390 Exception <a 'java/lang/NoSuchMethodError'{0x00000000913fb8a8}: 'void java.lang.invoke.DirectMethodHandle$Holder.invokeVirtual(java.lang.Object, java.lang.Object)'> (0x00000000913fb8a8) 
thrown [t:\workspace\open\src\hotspot\share\interpreter\linkResolver.cpp, line 766]
Event: 0.814 Thread 0x00000260ffde65e0 Exception <a 'java/lang/NoSuchMethodError'{0x0000000090f46a18}: 'void java.lang.invoke.DirectMethodHandle$Holder.invokeStaticInit(java.lang.Object)'> (0x0000000090f46a18) 
thrown [t:\workspace\open\src\hotspot\share\interpreter\linkResolver.cpp, line 766]
Event: 9.714 Thread 0x00000260ffde65e0 Implicit null exception at 0x00000260f5fad0fc to 0x00000260f5fad16c
Event: 9.746 Thread 0x00000260ffde65e0 Exception <a 'java/lang/NoSuchMethodError'{0x0000000090121368}: 'void java.lang.invoke.DirectMethodHandle$Holder.invokeStatic(java.lang.Object, java.lang.Object, java.lang.Object)'> (0x0000000090121368) 
thrown [t:\workspace\open\src\hotspot\share\interpreter\linkResolver.cpp, line 766]
Event: 9.748 Thread 0x00000260ffde65e0 Exception <a 'java/lang/NoSuchMethodError'{0x000000009012b540}: 'java.lang.Object java.lang.invoke.DirectMethodHandle$Holder.invokeVirtual(java.lang.Object, java.lang.Object, java.lang.Object)'> (0x000000009012b540) 
thrown [t:\workspace\open\src\hotspot\share\interpreter\linkResolver.cpp, line 766]

VM Operations (20 events):
Event: 3.729 Executing VM operation: Cleanup
Event: 3.729 Executing VM operation: Cleanup done
Event: 4.743 Executing VM operation: Cleanup
Event: 4.743 Executing VM operation: Cleanup done
Event: 5.749 Executing VM operation: Cleanup
Event: 5.749 Executing VM operation: Cleanup done
Event: 6.755 Executing VM operation: Cleanup
Event: 6.755 Executing VM operation: Cleanup done
Event: 7.767 Executing VM operation: Cleanup
Event: 7.767 Executing VM operation: Cleanup done
Event: 8.201 Executing VM operation: HandshakeAllThreads
Event: 8.201 Executing VM operation: HandshakeAllThreads done
Event: 8.202 Executing VM operation: HandshakeAllThreads
Event: 8.202 Executing VM operation: HandshakeAllThreads done
Event: 9.211 Executing VM operation: Cleanup
Event: 9.211 Executing VM operation: Cleanup done
Event: 9.714 Executing VM operation: HandshakeAllThreads
Event: 9.714 Executing VM operation: HandshakeAllThreads done
Event: 9.760 Executing VM operation: G1CollectForAllocation
Event: 9.767 Executing VM operation: G1CollectForAllocation done

Events (20 events):
Event: 9.743 loading class jdk/internal/math/FDBigInteger
Event: 9.743 loading class jdk/internal/math/FDBigInteger done
Event: 9.744 loading class java/math/MathContext
Event: 9.744 loading class java/math/MathContext done
Event: 9.745 loading class java/util/Collections$UnmodifiableMap$UnmodifiableEntrySet
Event: 9.745 loading class java/util/Collections$UnmodifiableMap$UnmodifiableEntrySet done
Event: 9.745 loading class java/util/Collections$UnmodifiableMap$UnmodifiableEntrySet$UnmodifiableEntrySetSpliterator
Event: 9.745 loading class java/util/Collections$UnmodifiableMap$UnmodifiableEntrySet$UnmodifiableEntrySetSpliterator done
Event: 9.745 loading class java/util/HashMap$EntrySpliterator
Event: 9.746 loading class java/util/HashMap$EntrySpliterator done
Event: 9.746 loading class java/lang/invoke/DirectMethodHandle$Special
Event: 9.746 loading class java/lang/invoke/DirectMethodHandle$Special done
Event: 9.747 loading class java/util/Collections$UnmodifiableMap$UnmodifiableEntrySet$UnmodifiableEntry
Event: 9.747 loading class java/util/Collections$UnmodifiableMap$UnmodifiableEntrySet$UnmodifiableEntry done
Event: 9.749 loading class java/lang/NoSuchFieldError
Event: 9.749 loading class java/lang/NoSuchFieldError done
Event: 9.770 loading class java/lang/reflect/InvocationHandler
Event: 9.770 loading class java/lang/reflect/InvocationHandler done
Event: 9.782 loading class java/text/MessageFormat$Field
Event: 9.783 loading class java/text/MessageFormat$Field done


Dynamic libraries:
0x00007ff767300000 - 0x00007ff767310000 	D:\jdk-17.0.2\bin\javaw.exe
0x00007ffc60810000 - 0x00007ffc60a07000 	C:\WINDOWS\SYSTEM32\ntdll.dll
0x00007ffc5f2e0000 - 0x00007ffc5f39d000 	C:\WINDOWS\System32\KERNEL32.DLL
0x00007ffc5dff0000 - 0x00007ffc5e2bd000 	C:\WINDOWS\System32\KERNELBASE.dll
0x00007ffc5e470000 - 0x00007ffc5e570000 	C:\WINDOWS\System32\ucrtbase.dll
0x00007ffc4f890000 - 0x00007ffc4f8a8000 	D:\jdk-17.0.2\bin\jli.dll
0x00007ffc5ee40000 - 0x00007ffc5eeee000 	C:\WINDOWS\System32\ADVAPI32.dll
0x00007ffc5eef0000 - 0x00007ffc5ef8e000 	C:\WINDOWS\System32\msvcrt.dll
0x00007ffc52e00000 - 0x00007ffc52e1a000 	D:\jdk-17.0.2\bin\VCRUNTIME140.dll
0x00007ffc5ebc0000 - 0x00007ffc5ec5c000 	C:\WINDOWS\System32\sechost.dll
0x00007ffc5f8a0000 - 0x00007ffc5f9c5000 	C:\WINDOWS\System32\RPCRT4.dll
0x00007ffc5f700000 - 0x00007ffc5f8a0000 	C:\WINDOWS\System32\USER32.dll
0x00007ffc5e570000 - 0x00007ffc5e592000 	C:\WINDOWS\System32\win32u.dll
0x00007ffc528a0000 - 0x00007ffc52b3a000 	C:\WINDOWS\WinSxS\amd64_microsoft.windows.common-controls_6595b64144ccf1df_6.0.19041.1110_none_60b5254171f9507e\COMCTL32.dll
0x00007ffc5e870000 - 0x00007ffc5e89a000 	C:\WINDOWS\System32\GDI32.dll
0x00007ffc5e2c0000 - 0x00007ffc5e3cb000 	C:\WINDOWS\System32\gdi32full.dll
0x00007ffc5e3d0000 - 0x00007ffc5e46d000 	C:\WINDOWS\System32\msvcp_win.dll
0x00007ffc53630000 - 0x00007ffc5363a000 	C:\WINDOWS\SYSTEM32\VERSION.dll
0x00007ffc5ec60000 - 0x00007ffc5ec90000 	C:\WINDOWS\System32\IMM32.DLL
0x00007ffc57780000 - 0x00007ffc5778c000 	D:\jdk-17.0.2\bin\vcruntime140_1.dll
0x00007ffc4dcf0000 - 0x00007ffc4dd7d000 	D:\jdk-17.0.2\bin\msvcp140.dll
0x00007ffc231a0000 - 0x00007ffc23d61000 	D:\jdk-17.0.2\bin\server\jvm.dll
0x00007ffc5ec90000 - 0x00007ffc5ec98000 	C:\WINDOWS\System32\PSAPI.DLL
0x00007ffc51b40000 - 0x00007ffc51b67000 	C:\WINDOWS\SYSTEM32\WINMM.dll
0x00007ffc58e30000 - 0x00007ffc58e39000 	C:\WINDOWS\SYSTEM32\WSOCK32.dll
0x00007ffc5edd0000 - 0x00007ffc5ee3b000 	C:\WINDOWS\System32\WS2_32.dll
0x00007ffc5c810000 - 0x00007ffc5c822000 	C:\WINDOWS\SYSTEM32\kernel.appcore.dll
0x00007ffc58d60000 - 0x00007ffc58d6a000 	D:\jdk-17.0.2\bin\jimage.dll
0x00007ffc5c5b0000 - 0x00007ffc5c794000 	C:\WINDOWS\SYSTEM32\DBGHELP.DLL
0x00007ffc55a10000 - 0x00007ffc55a3c000 	C:\WINDOWS\SYSTEM32\dbgcore.DLL
0x00007ffc5e5a0000 - 0x00007ffc5e622000 	C:\WINDOWS\System32\bcryptPrimitives.dll
0x00007ffc57270000 - 0x00007ffc57295000 	D:\jdk-17.0.2\bin\java.dll
0x00007ffc44d50000 - 0x00007ffc44e26000 	D:\jdk-17.0.2\bin\jsvml.dll
0x00007ffc5fa80000 - 0x00007ffc601c4000 	C:\WINDOWS\System32\SHELL32.dll
0x00007ffc5bcd0000 - 0x00007ffc5c464000 	C:\WINDOWS\SYSTEM32\windows.storage.dll
0x00007ffc5f3a0000 - 0x00007ffc5f6f4000 	C:\WINDOWS\System32\combase.dll
0x00007ffc5d8c0000 - 0x00007ffc5d8ec000 	C:\WINDOWS\SYSTEM32\Wldp.dll
0x00007ffc5eb10000 - 0x00007ffc5ebbd000 	C:\WINDOWS\System32\SHCORE.dll
0x00007ffc5e9d0000 - 0x00007ffc5ea25000 	C:\WINDOWS\System32\shlwapi.dll
0x00007ffc5de70000 - 0x00007ffc5de8f000 	C:\WINDOWS\SYSTEM32\profapi.dll
0x00007ffc571c0000 - 0x00007ffc571d9000 	D:\jdk-17.0.2\bin\net.dll
0x00007ffc55900000 - 0x00007ffc55a0a000 	C:\WINDOWS\SYSTEM32\WINHTTP.dll
0x00007ffc5d620000 - 0x00007ffc5d68a000 	C:\WINDOWS\system32\mswsock.dll
0x00007ffc55780000 - 0x00007ffc55796000 	D:\jdk-17.0.2\bin\nio.dll
0x00007ffc50a00000 - 0x00007ffc50a18000 	D:\jdk-17.0.2\bin\zip.dll
0x00007ffc244c0000 - 0x00007ffc2464f000 	D:\jdk-17.0.2\bin\awt.dll
0x00007ffc5eca0000 - 0x00007ffc5ed6d000 	C:\WINDOWS\System32\OLEAUT32.dll
0x00007ffc5b540000 - 0x00007ffc5b5d0000 	C:\WINDOWS\SYSTEM32\apphelp.dll
0x00007ffc5b610000 - 0x00007ffc5b6ae000 	C:\WINDOWS\system32\uxtheme.dll
0x00007ffc5f150000 - 0x00007ffc5f265000 	C:\WINDOWS\System32\MSCTF.dll
0x00007ffc5e8a0000 - 0x00007ffc5e9ca000 	C:\WINDOWS\System32\ole32.dll
0x00007ffc5b910000 - 0x00007ffc5b93f000 	C:\WINDOWS\system32\DWMAPI.DLL
0x00007ffc3abc0000 - 0x00007ffc3ace6000 	C:\WINDOWS\system32\opengl32.dll
0x00007ffc57790000 - 0x00007ffc577bc000 	C:\WINDOWS\SYSTEM32\GLU32.dll
0x00007ffc33330000 - 0x00007ffc334ff000 	C:\WINDOWS\system32\d3d9.dll
0x00007ffc4a640000 - 0x00007ffc4a81b000 	C:\WINDOWS\System32\DriverStore\FileRepository\u0361383.inf_amd64_cfccffda602342c4\B361368\aticfx64.dll
0x00007ffc4e130000 - 0x00007ffc4e163000 	C:\WINDOWS\System32\DriverStore\FileRepository\u0361383.inf_amd64_cfccffda602342c4\B361368\atiu9p64.dll
0x00007ffc22500000 - 0x00007ffc23196000 	C:\WINDOWS\System32\DriverStore\FileRepository\u0361383.inf_amd64_cfccffda602342c4\B361368\atiumd64.dll
0x0000000053440000 - 0x00000000542be000 	C:\WINDOWS\System32\DriverStore\FileRepository\u0361383.inf_amd64_cfccffda602342c4\B361368\atiumd6a.dll
0x00007ffc5e630000 - 0x00007ffc5e657000 	C:\WINDOWS\System32\bcrypt.dll
0x00007ffc5dda0000 - 0x00007ffc5ddeb000 	C:\WINDOWS\SYSTEM32\POWRPROF.dll
0x00007ffc5dd80000 - 0x00007ffc5dd92000 	C:\WINDOWS\SYSTEM32\UMPDC.dll
0x00007ffc48970000 - 0x00007ffc4899f000 	C:\WINDOWS\SYSTEM32\amdihk64.dll
0x00007ffc47ca0000 - 0x00007ffc47cdb000 	C:\WINDOWS\SYSTEM32\dxcore.dll
0x00007ffc5df30000 - 0x00007ffc5df7e000 	C:\WINDOWS\System32\cfgmgr32.dll
0x00007ffc42ea0000 - 0x00007ffc42f29000 	D:\jdk-17.0.2\bin\freetype.dll
0x00007ffc3aed0000 - 0x00007ffc3af78000 	D:\jdk-17.0.2\bin\fontmanager.dll
0x00007ffc5f9d0000 - 0x00007ffc5fa79000 	C:\WINDOWS\System32\clbcatq.dll
0x00007ffc4bd40000 - 0x00007ffc4bef4000 	C:\WINDOWS\SYSTEM32\WindowsCodecs.dll
0x00007ffc39290000 - 0x00007ffc392ce000 	C:\WINDOWS\system32\dataexchange.dll
0x00007ffc5a9e0000 - 0x00007ffc5abc4000 	C:\WINDOWS\system32\dcomp.dll
0x00007ffc59bf0000 - 0x00007ffc59e53000 	C:\WINDOWS\system32\d3d11.dll
0x00007ffc5c830000 - 0x00007ffc5c923000 	C:\WINDOWS\system32\dxgi.dll
0x00007ffc56ca0000 - 0x00007ffc56ea0000 	C:\WINDOWS\system32\twinapi.appcore.dll
0x00007ffc4cc10000 - 0x00007ffc4cd09000 	C:\WINDOWS\SYSTEM32\textinputframework.dll
0x00007ffc5b310000 - 0x00007ffc5b402000 	C:\WINDOWS\System32\CoreMessaging.dll
0x00007ffc5af90000 - 0x00007ffc5b2ee000 	C:\WINDOWS\System32\CoreUIComponents.dll
0x00007ffc5cc30000 - 0x00007ffc5cc63000 	C:\WINDOWS\SYSTEM32\ntmarta.dll
0x00007ffc5a880000 - 0x00007ffc5a9d4000 	C:\WINDOWS\SYSTEM32\wintypes.dll
0x00007ffc1ff70000 - 0x00007ffc201bc000 	C:\WINDOWS\system32\SogouTSF.ime
0x00007ffc53070000 - 0x00007ffc53077000 	C:\WINDOWS\system32\MSIMG32.dll
0x00007ffc126e0000 - 0x00007ffc12ffb000 	C:\WINDOWS\system32\SogouPy.ime
0x00007ffc39720000 - 0x00007ffc39786000 	C:\WINDOWS\SYSTEM32\OLEACC.dll
0x00007ffc12470000 - 0x00007ffc126da000 	D:\搜狗输入法\SogouInput\Components\PicFace\1.1.0.1895\PicFace64.dll
0x00007ffc5ea30000 - 0x00007ffc5eb0b000 	C:\WINDOWS\System32\COMDLG32.dll
0x0000000010000000 - 0x0000000010215000 	D:\搜狗输入法\SogouInput\12.1.0.6042\Resource.dll
0x00007ffc473a0000 - 0x00007ffc4744c000 	C:\WINDOWS\SYSTEM32\TextShaping.dll

dbghelp: loaded successfully - version: 4.0.5 - missing functions: none
symbol engine: initialized successfully - sym options: 0x614 - pdb path: .;D:\jdk-17.0.2\bin;C:\WINDOWS\SYSTEM32;C:\WINDOWS\WinSxS\amd64_microsoft.windows.common-controls_6595b64144ccf1df_6.0.19041.1110_none_60b5254171f9507e;D:\jdk-17.0.2\bin\server;C:\WINDOWS\System32\DriverStore\FileRepository\u0361383.inf_amd64_cfccffda602342c4\B361368;D:\搜狗输入法\SogouInput\Components\PicFace\1.1.0.1895;D:\搜狗输入法\SogouInput\1

VM Arguments:
jvm_args: -Dfile.encoding=UTF-8 --module-path=D:\学院班级文件汇总\JAVA校企\信息管理系统\lib\mysql-connector-java-8.0.26.jar -XX:+ShowCodeDetailsInExceptionMessages 
java_command: com.GK.View.Login
java_class_path (initial): D:\学院班级文件汇总\JAVA校企\信息管理系统\bin
Launcher Type: SUN_STANDARD

[Global flags]
     intx CICompilerCount                          = 4                                         {product} {ergonomic}
     uint ConcGCThreads                            = 3                                         {product} {ergonomic}
     uint G1ConcRefinementThreads                  = 10                                        {product} {ergonomic}
   size_t G1HeapRegionSize                         = 1048576                                   {product} {ergonomic}
    uintx GCDrainStackTargetSize                   = 64                                        {product} {ergonomic}
   size_t InitialHeapSize                          = 123731968                                 {product} {ergonomic}
   size_t MarkStackSize                            = 4194304                                   {product} {ergonomic}
   size_t MaxHeapSize                              = 1977614336                                {product} {ergonomic}
   size_t MaxNewSize                               = 1185939456                                {product} {ergonomic}
   size_t MinHeapDeltaBytes                        = 1048576                                   {product} {ergonomic}
   size_t MinHeapSize                              = 8388608                                   {product} {ergonomic}
    uintx NonNMethodCodeHeapSize                   = 5839372                                {pd product} {ergonomic}
    uintx NonProfiledCodeHeapSize                  = 122909434                              {pd product} {ergonomic}
    uintx ProfiledCodeHeapSize                     = 122909434                              {pd product} {ergonomic}
    uintx ReservedCodeCacheSize                    = 251658240                              {pd product} {ergonomic}
     bool SegmentedCodeCache                       = true                                      {product} {ergonomic}
     bool ShowCodeDetailsInExceptionMessages       = true                                   {manageable} {command line}
   size_t SoftMaxHeapSize                          = 1977614336                             {manageable} {ergonomic}
     bool UseCompressedClassPointers               = true                           {product lp64_product} {ergonomic}
     bool UseCompressedOops                        = true                           {product lp64_product} {ergonomic}
     bool UseG1GC                                  = true                                      {product} {ergonomic}
     bool UseLargePagesIndividualAllocation        = false                                  {pd product} {ergonomic}

Logging:
Log output configuration:
 #0: stdout all=warning uptime,level,tags
 #1: stderr all=off uptime,level,tags

Environment Variables:
JAVA_HOME=D:\jdk-17.0.2
PATH=D:/jdk-17.0.2/bin/server;D:/jdk-17.0.2/bin;D:\jdk-17.0.2\bin;D:\VMware\bin\;D:\tdm64-gcc-10.3.0-2\bin;C:\WINDOWS\system32;C:\WINDOWS;C:\WINDOWS\System32\Wbem;C:\WINDOWS\System32\WindowsPowerShell\v1.0\;C:\WINDOWS\System32\OpenSSH\;D:\SQL共享功能\100\Tools\Binn\;D:\;QL共享功能\100\DTS\Binn\;D:\;QL共享功能\100\Tools\Binn\VSShell\Common7\IDE\;C:\;rogram Files (x86)\Microsoft Visual Studio 9.0\Common7\IDE\PrivateAssemblies\;C:\Program Files\Git\cmd;C:\Program Files\MySQL\MySQL Server 8.0\bin;C:\Users\JANE A Y\AppData\Local\Microsoft\WindowsApps;;D:\Microsoft VS Code\bin;C:\Users\JANE A Y\Desktop;
USERNAME=JANE A Y
OS=Windows_NT
PROCESSOR_IDENTIFIER=AMD64 Family 23 Model 96 Stepping 1, AuthenticAMD



---------------  S Y S T E M  ---------------

OS:
 Windows 10 , 64 bit Build 19041 (10.0.19041.1741)
OS uptime: 7 days 16:43 hours

CPU: total 12 (initial active 12) (12 cores per cpu, 2 threads per core) family 23 model 96 stepping 1 microcode 0x0, cx8, cmov, fxsr, ht, mmx, 3dnowpref, sse, sse2, sse3, ssse3, sse4a, sse4.1, sse4.2, popcnt, lzcnt, tsc, tscinvbit, avx, avx2, aes, clmul, bmi1, bmi2, adx, sha, fma, vzeroupper, clflush, clflushopt

Memory: 4k page, system-wide physical 7542M (374M free)
TotalPageFile size 25107M (AvailPageFile size 3M)
current process WorkingSet (physical memory assigned to process): 160M, peak: 160M
current process commit charge ("private bytes"): 286M, peak: 286M

vm_info: Java HotSpot(TM) 64-Bit Server VM (17.0.2+8-LTS-86) for windows-amd64 JRE (17.0.2+8-LTS-86), built on Dec  7 2021 21:51:03 by "mach5one" with MS VC++ 16.8 / 16.9 (VS2019)

END.
