#
# There is insufficient memory for the Java Runtime Environment to continue.
# Native memory allocation (mmap) failed to map 123731968 bytes for G1 virtual space
# Possible reasons:
#   The system is out of physical RAM or swap space
#   The process is running with CompressedOops enabled, and the Java Heap may be blocking the growth of the native heap
# Possible solutions:
#   Reduce memory load on the system
#   Increase physical memory or swap space
#   Check if swap backing store is full
#   Decrease Java heap size (-Xmx/-Xms)
#   Decrease number of Java threads
#   Decrease Java thread stack sizes (-Xss)
#   Set larger code cache with -XX:ReservedCodeCacheSize=
#   JVM is running with Unscaled Compressed Oops mode in which the Java heap is
#     placed in the first 4GB address space. The Java Heap base address is the
#     maximum limit for the native heap growth. Please use -XX:HeapBaseMinAddress
#     to set the Java Heap base and to place the Java Heap above 4GB virtual address.
# This output file may be truncated or incomplete.
#
#  Out of Memory Error (os_windows.cpp:3532), pid=79628, tid=79012
#
# JRE version:  (17.0.2+8) (build )
# Java VM: Java HotSpot(TM) 64-Bit Server VM (17.0.2+8-LTS-86, mixed mode, sharing, tiered, compressed oops, compressed class ptrs, g1 gc, windows-amd64)
# No core dump will be written. Minidumps are not enabled by default on client versions of Windows
#

---------------  S U M M A R Y ------------

Command Line: -Dfile.encoding=UTF-8 --module-path=D:\学院班级文件汇总\JAVA校企\信息管理系统\lib\mysql-connector-java-8.0.26.jar -XX:+ShowCodeDetailsInExceptionMessages com.GK.Util.Dbutil

Host: AMD Ryzen 5 4600U with Radeon Graphics         , 12 cores, 7G,  Windows 10 , 64 bit Build 19041 (10.0.19041.1741)
Time: Thu Jun 30 11:44:09 2022  Windows 10 , 64 bit Build 19041 (10.0.19041.1741) elapsed time: 0.034602 seconds (0d 0h 0m 0s)

---------------  T H R E A D  ---------------

Current thread (0x00000216089bbb40):  JavaThread "Unknown thread" [_thread_in_vm, id=79012, stack(0x000000fca4400000,0x000000fca4500000)]

Stack: [0x000000fca4400000,0x000000fca4500000]
Native frames: (J=compiled Java code, j=interpreted, Vv=VM code, C=native code)
V  [jvm.dll+0x670baa]
V  [jvm.dll+0x7cfcb4]
V  [jvm.dll+0x7d145e]
V  [jvm.dll+0x7d1ac3]
V  [jvm.dll+0x242bc5]
V  [jvm.dll+0x66dac9]
V  [jvm.dll+0x662412]
V  [jvm.dll+0x300c0b]
V  [jvm.dll+0x3081a6]
V  [jvm.dll+0x357d0e]
V  [jvm.dll+0x357f3f]
V  [jvm.dll+0x2d7ec8]
V  [jvm.dll+0x2d8e34]
V  [jvm.dll+0x7a18c1]
V  [jvm.dll+0x365a91]
V  [jvm.dll+0x780d2c]
V  [jvm.dll+0x3e845f]
V  [jvm.dll+0x3e9f01]
C  [jli.dll+0x527b]
C  [ucrtbase.dll+0x21bb2]
C  [KERNEL32.DLL+0x17034]
C  [ntdll.dll+0x52651]


---------------  P R O C E S S  ---------------

Threads class SMR info:
_java_thread_list=0x00007ffc23c39858, length=0, elements={
}

Java Threads: ( => current thread )

Other Threads:
  0x00000216089f9370 GCTaskThread "GC Thread#0" [stack: 0x000000fca4500000,0x000000fca4600000] [id=70336]
  0x0000021608a0b540 ConcurrentGCThread "G1 Main Marker" [stack: 0x000000fca4600000,0x000000fca4700000] [id=88768]
  0x0000021608a0be60 ConcurrentGCThread "G1 Conc#0" [stack: 0x000000fca4700000,0x000000fca4800000] [id=32804]

[error occurred during error reporting (printing all threads), id 0xc0000005, EXCEPTION_ACCESS_VIOLATION (0xc0000005) at pc=0x00007ffc234888a7]

VM state: not at safepoint (not fully initialized)

VM Mutex/Monitor currently owned by a thread:  ([mutex/lock_event])
[0x00000216089b7530] Heap_lock - owner thread: 0x00000216089bbb40

Heap address: 0x000000008a200000, size: 1886 MB, Compressed Oops mode: 32-bit

CDS archive(s) mapped at: [0x0000000000000000-0x0000000000000000-0x0000000000000000), size 0, SharedBaseAddress: 0x0000000800000000, ArchiveRelocationMode: 0.
Narrow klass base: 0x0000000000000000, Narrow klass shift: 0, Narrow klass range: 0x0

GC Precious Log:
<Empty>

Heap:
 garbage-first heap   total 0K, used 0K [0x000000008a200000, 0x0000000100000000)
  region size 1024K, 0 young (0K), 0 survivors (0K)

[error occurred during error reporting (printing heap information), id 0xc0000005, EXCEPTION_ACCESS_VIOLATION (0xc0000005) at pc=0x00007ffc23869f19]

GC Heap History (0 events):
No events

Deoptimization events (0 events):
No events

Classes unloaded (0 events):
No events

Classes redefined (0 events):
No events

Internal exceptions (0 events):
No events

VM Operations (0 events):
No events

Events (1 events):
Event: 0.021 Loaded shared library D:\jdk-17.0.2\bin\java.dll


Dynamic libraries:
0x00007ff767300000 - 0x00007ff767310000 	D:\jdk-17.0.2\bin\javaw.exe
0x00007ffc60810000 - 0x00007ffc60a07000 	C:\WINDOWS\SYSTEM32\ntdll.dll
0x00007ffc5f2e0000 - 0x00007ffc5f39d000 	C:\WINDOWS\System32\KERNEL32.DLL
0x00007ffc5dff0000 - 0x00007ffc5e2bd000 	C:\WINDOWS\System32\KERNELBASE.dll
0x00007ffc5e470000 - 0x00007ffc5e570000 	C:\WINDOWS\System32\ucrtbase.dll
0x00007ffc52e00000 - 0x00007ffc52e1a000 	D:\jdk-17.0.2\bin\VCRUNTIME140.dll
0x00007ffc4f890000 - 0x00007ffc4f8a8000 	D:\jdk-17.0.2\bin\jli.dll
0x00007ffc5ee40000 - 0x00007ffc5eeee000 	C:\WINDOWS\System32\ADVAPI32.dll
0x00007ffc5eef0000 - 0x00007ffc5ef8e000 	C:\WINDOWS\System32\msvcrt.dll
0x00007ffc5ebc0000 - 0x00007ffc5ec5c000 	C:\WINDOWS\System32\sechost.dll
0x00007ffc5f8a0000 - 0x00007ffc5f9c5000 	C:\WINDOWS\System32\RPCRT4.dll
0x00007ffc5f700000 - 0x00007ffc5f8a0000 	C:\WINDOWS\System32\USER32.dll
0x00007ffc5e570000 - 0x00007ffc5e592000 	C:\WINDOWS\System32\win32u.dll
0x00007ffc528a0000 - 0x00007ffc52b3a000 	C:\WINDOWS\WinSxS\amd64_microsoft.windows.common-controls_6595b64144ccf1df_6.0.19041.1110_none_60b5254171f9507e\COMCTL32.dll
0x00007ffc5e870000 - 0x00007ffc5e89a000 	C:\WINDOWS\System32\GDI32.dll
0x00007ffc5e2c0000 - 0x00007ffc5e3cb000 	C:\WINDOWS\System32\gdi32full.dll
0x00007ffc5e3d0000 - 0x00007ffc5e46d000 	C:\WINDOWS\System32\msvcp_win.dll
0x00007ffc53630000 - 0x00007ffc5363a000 	C:\WINDOWS\SYSTEM32\VERSION.dll
0x00007ffc5ec60000 - 0x00007ffc5ec90000 	C:\WINDOWS\System32\IMM32.DLL
0x00007ffc57780000 - 0x00007ffc5778c000 	D:\jdk-17.0.2\bin\vcruntime140_1.dll
0x00007ffc4dcf0000 - 0x00007ffc4dd7d000 	D:\jdk-17.0.2\bin\msvcp140.dll
0x00007ffc231a0000 - 0x00007ffc23d61000 	D:\jdk-17.0.2\bin\server\jvm.dll
0x00007ffc5ec90000 - 0x00007ffc5ec98000 	C:\WINDOWS\System32\PSAPI.DLL
0x00007ffc58e30000 - 0x00007ffc58e39000 	C:\WINDOWS\SYSTEM32\WSOCK32.dll
0x00007ffc51b40000 - 0x00007ffc51b67000 	C:\WINDOWS\SYSTEM32\WINMM.dll
0x00007ffc5edd0000 - 0x00007ffc5ee3b000 	C:\WINDOWS\System32\WS2_32.dll
0x00007ffc5c810000 - 0x00007ffc5c822000 	C:\WINDOWS\SYSTEM32\kernel.appcore.dll
0x00007ffc58d60000 - 0x00007ffc58d6a000 	D:\jdk-17.0.2\bin\jimage.dll
0x00007ffc5c5b0000 - 0x00007ffc5c794000 	C:\WINDOWS\SYSTEM32\DBGHELP.DLL
0x00007ffc55a10000 - 0x00007ffc55a3c000 	C:\WINDOWS\SYSTEM32\dbgcore.DLL
0x00007ffc5e5a0000 - 0x00007ffc5e622000 	C:\WINDOWS\System32\bcryptPrimitives.dll
0x00007ffc57270000 - 0x00007ffc57295000 	D:\jdk-17.0.2\bin\java.dll

dbghelp: loaded successfully - version: 4.0.5 - missing functions: none
symbol engine: initialized successfully - sym options: 0x614 - pdb path: .;D:\jdk-17.0.2\bin;C:\WINDOWS\SYSTEM32;C:\WINDOWS\WinSxS\amd64_microsoft.windows.common-controls_6595b64144ccf1df_6.0.19041.1110_none_60b5254171f9507e;D:\jdk-17.0.2\bin\server

VM Arguments:
jvm_args: -Dfile.encoding=UTF-8 --module-path=D:\学院班级文件汇总\JAVA校企\信息管理系统\lib\mysql-connector-java-8.0.26.jar -XX:+ShowCodeDetailsInExceptionMessages 
java_command: com.GK.Util.Dbutil
java_class_path (initial): D:\学院班级文件汇总\JAVA校企\信息管理系统\bin
Launcher Type: SUN_STANDARD

[Global flags]
     intx CICompilerCount                          = 4                                         {product} {ergonomic}
     uint ConcGCThreads                            = 3                                         {product} {ergonomic}
     uint G1ConcRefinementThreads                  = 10                                        {product} {ergonomic}
   size_t G1HeapRegionSize                         = 1048576                                   {product} {ergonomic}
    uintx GCDrainStackTargetSize                   = 64                                        {product} {ergonomic}
   size_t InitialHeapSize                          = 123731968                                 {product} {ergonomic}
   size_t MarkStackSize                            = 4194304                                   {product} {ergonomic}
   size_t MaxHeapSize                              = 1977614336                                {product} {ergonomic}
   size_t MinHeapDeltaBytes                        = 1048576                                   {product} {ergonomic}
   size_t MinHeapSize                              = 8388608                                   {product} {ergonomic}
    uintx NonNMethodCodeHeapSize                   = 5839372                                {pd product} {ergonomic}
    uintx NonProfiledCodeHeapSize                  = 122909434                              {pd product} {ergonomic}
    uintx ProfiledCodeHeapSize                     = 122909434                              {pd product} {ergonomic}
    uintx ReservedCodeCacheSize                    = 251658240                              {pd product} {ergonomic}
     bool SegmentedCodeCache                       = true                                      {product} {ergonomic}
     bool ShowCodeDetailsInExceptionMessages       = true                                   {manageable} {command line}
   size_t SoftMaxHeapSize                          = 1977614336                             {manageable} {ergonomic}
     bool UseCompressedClassPointers               = true                           {product lp64_product} {ergonomic}
     bool UseCompressedOops                        = true                           {product lp64_product} {ergonomic}
     bool UseG1GC                                  = true                                      {product} {ergonomic}
     bool UseLargePagesIndividualAllocation        = false                                  {pd product} {ergonomic}

Logging:
Log output configuration:
 #0: stdout all=warning uptime,level,tags
 #1: stderr all=off uptime,level,tags

Environment Variables:
JAVA_HOME=D:\jdk-17.0.2
PATH=D:/jdk-17.0.2/bin/server;D:/jdk-17.0.2/bin;D:\jdk-17.0.2\bin;D:\VMware\bin\;D:\tdm64-gcc-10.3.0-2\bin;C:\WINDOWS\system32;C:\WINDOWS;C:\WINDOWS\System32\Wbem;C:\WINDOWS\System32\WindowsPowerShell\v1.0\;C:\WINDOWS\System32\OpenSSH\;D:\SQL共享功能\100\Tools\Binn\;D:\;QL共享功能\100\DTS\Binn\;D:\;QL共享功能\100\Tools\Binn\VSShell\Common7\IDE\;C:\;rogram Files (x86)\Microsoft Visual Studio 9.0\Common7\IDE\PrivateAssemblies\;C:\Program Files\Git\cmd;C:\Program Files\MySQL\MySQL Server 8.0\bin;C:\Users\JANE A Y\AppData\Local\Microsoft\WindowsApps;;D:\Microsoft VS Code\bin;C:\Users\JANE A Y\Desktop;
USERNAME=JANE A Y
OS=Windows_NT
PROCESSOR_IDENTIFIER=AMD64 Family 23 Model 96 Stepping 1, AuthenticAMD



---------------  S Y S T E M  ---------------

OS:
 Windows 10 , 64 bit Build 19041 (10.0.19041.1741)
OS uptime: 7 days 16:45 hours

CPU: total 12 (initial active 12) (12 cores per cpu, 2 threads per core) family 23 model 96 stepping 1 microcode 0x0, cx8, cmov, fxsr, ht, mmx, 3dnowpref, sse, sse2, sse3, ssse3, sse4a, sse4.1, sse4.2, popcnt, lzcnt, tsc, tscinvbit, avx, avx2, aes, clmul, bmi1, bmi2, adx, sha, fma, vzeroupper, clflush, clflushopt

Memory: 4k page, system-wide physical 7542M (301M free)
TotalPageFile size 25107M (AvailPageFile size 29M)
current process WorkingSet (physical memory assigned to process): 10M, peak: 10M
current process commit charge ("private bytes"): 64M, peak: 182M

vm_info: Java HotSpot(TM) 64-Bit Server VM (17.0.2+8-LTS-86) for windows-amd64 JRE (17.0.2+8-LTS-86), built on Dec  7 2021 21:51:03 by "mach5one" with MS VC++ 16.8 / 16.9 (VS2019)

END.
